[2019-11-21 01:20:20.530] [exthost] [info] extension host started
[2019-11-21 01:20:20.553] [exthost] [info] ExtensionService#_doActivateExtension vscode.debug-auto-launch {"startup":true,"extensionId":{"value":"vscode.debug-auto-launch","_lower":"vscode.debug-auto-launch"},"activationEvent":"*"}
[2019-11-21 01:20:20.553] [exthost] [info] ExtensionService#loadCommonJSModule file:///private/var/folders/j3/x68b46vd61b_17tmn0w_pbvw0000gn/T/AppTranslocation/78BBCE37-34BB-47DD-AAFC-32AEA137D402/d/Visual Studio Code.app/Contents/Resources/app/extensions/debug-auto-launch/dist/extension
[2019-11-21 01:20:20.558] [exthost] [info] ExtensionService#_doActivateExtension vscode.emmet {"startup":true,"extensionId":{"value":"vscode.emmet","_lower":"vscode.emmet"},"activationEvent":"*"}
[2019-11-21 01:20:20.559] [exthost] [info] ExtensionService#loadCommonJSModule file:///private/var/folders/j3/x68b46vd61b_17tmn0w_pbvw0000gn/T/AppTranslocation/78BBCE37-34BB-47DD-AAFC-32AEA137D402/d/Visual Studio Code.app/Contents/Resources/app/extensions/emmet/dist/extension
[2019-11-21 01:20:20.592] [exthost] [info] ExtensionService#_doActivateExtension vscode.git {"startup":true,"extensionId":{"value":"vscode.git","_lower":"vscode.git"},"activationEvent":"*"}
[2019-11-21 01:20:20.592] [exthost] [info] ExtensionService#loadCommonJSModule file:///private/var/folders/j3/x68b46vd61b_17tmn0w_pbvw0000gn/T/AppTranslocation/78BBCE37-34BB-47DD-AAFC-32AEA137D402/d/Visual Studio Code.app/Contents/Resources/app/extensions/git/dist/main
[2019-11-21 01:20:20.657] [exthost] [info] ExtensionService#_doActivateExtension vscode.merge-conflict {"startup":true,"extensionId":{"value":"vscode.merge-conflict","_lower":"vscode.merge-conflict"},"activationEvent":"*"}
[2019-11-21 01:20:20.657] [exthost] [info] ExtensionService#loadCommonJSModule file:///private/var/folders/j3/x68b46vd61b_17tmn0w_pbvw0000gn/T/AppTranslocation/78BBCE37-34BB-47DD-AAFC-32AEA137D402/d/Visual Studio Code.app/Contents/Resources/app/extensions/merge-conflict/dist/extension
[2019-11-21 01:20:20.661] [exthost] [info] ExtensionService#_doActivateExtension dbaeumer.vscode-eslint {"startup":true,"extensionId":{"value":"dbaeumer.vscode-eslint","_lower":"dbaeumer.vscode-eslint"},"activationEvent":"*"}
[2019-11-21 01:20:20.661] [exthost] [info] ExtensionService#loadCommonJSModule file:///Users/edsonluizfragnan/.vscode/extensions/dbaeumer.vscode-eslint-1.9.1/client/out/extension
[2019-11-21 01:20:20.681] [exthost] [info] ExtensionService#_doActivateExtension HookyQR.beautify {"startup":true,"extensionId":{"value":"HookyQR.beautify","_lower":"hookyqr.beautify"},"activationEvent":"*"}
[2019-11-21 01:20:20.681] [exthost] [info] ExtensionService#loadCommonJSModule file:///Users/edsonluizfragnan/.vscode/extensions/hookyqr.beautify-1.5.0/extension
[2019-11-21 01:20:20.725] [exthost] [info] eager extensions activated
[2019-11-21 01:20:39.287] [exthost] [info] extension host started
[2019-11-21 01:20:39.304] [exthost] [info] ExtensionService#_doActivateExtension vscode.debug-auto-launch {"startup":true,"extensionId":{"value":"vscode.debug-auto-launch","_lower":"vscode.debug-auto-launch"},"activationEvent":"*"}
[2019-11-21 01:20:39.304] [exthost] [info] ExtensionService#loadCommonJSModule file:///private/var/folders/j3/x68b46vd61b_17tmn0w_pbvw0000gn/T/AppTranslocation/78BBCE37-34BB-47DD-AAFC-32AEA137D402/d/Visual Studio Code.app/Contents/Resources/app/extensions/debug-auto-launch/dist/extension
[2019-11-21 01:20:39.306] [exthost] [info] ExtensionService#_doActivateExtension vscode.emmet {"startup":true,"extensionId":{"value":"vscode.emmet","_lower":"vscode.emmet"},"activationEvent":"*"}
[2019-11-21 01:20:39.306] [exthost] [info] ExtensionService#loadCommonJSModule file:///private/var/folders/j3/x68b46vd61b_17tmn0w_pbvw0000gn/T/AppTranslocation/78BBCE37-34BB-47DD-AAFC-32AEA137D402/d/Visual Studio Code.app/Contents/Resources/app/extensions/emmet/dist/extension
[2019-11-21 01:20:39.315] [exthost] [info] ExtensionService#_doActivateExtension vscode.git {"startup":true,"extensionId":{"value":"vscode.git","_lower":"vscode.git"},"activationEvent":"*"}
[2019-11-21 01:20:39.315] [exthost] [info] ExtensionService#loadCommonJSModule file:///private/var/folders/j3/x68b46vd61b_17tmn0w_pbvw0000gn/T/AppTranslocation/78BBCE37-34BB-47DD-AAFC-32AEA137D402/d/Visual Studio Code.app/Contents/Resources/app/extensions/git/dist/main
[2019-11-21 01:20:39.329] [exthost] [info] ExtensionService#_doActivateExtension vscode.merge-conflict {"startup":true,"extensionId":{"value":"vscode.merge-conflict","_lower":"vscode.merge-conflict"},"activationEvent":"*"}
[2019-11-21 01:20:39.329] [exthost] [info] ExtensionService#loadCommonJSModule file:///private/var/folders/j3/x68b46vd61b_17tmn0w_pbvw0000gn/T/AppTranslocation/78BBCE37-34BB-47DD-AAFC-32AEA137D402/d/Visual Studio Code.app/Contents/Resources/app/extensions/merge-conflict/dist/extension
[2019-11-21 01:20:39.331] [exthost] [info] ExtensionService#_doActivateExtension dbaeumer.vscode-eslint {"startup":true,"extensionId":{"value":"dbaeumer.vscode-eslint","_lower":"dbaeumer.vscode-eslint"},"activationEvent":"*"}
[2019-11-21 01:20:39.331] [exthost] [info] ExtensionService#loadCommonJSModule file:///Users/edsonluizfragnan/.vscode/extensions/dbaeumer.vscode-eslint-1.9.1/client/out/extension
[2019-11-21 01:20:39.334] [exthost] [info] ExtensionService#_doActivateExtension HookyQR.beautify {"startup":true,"extensionId":{"value":"HookyQR.beautify","_lower":"hookyqr.beautify"},"activationEvent":"*"}
[2019-11-21 01:20:39.334] [exthost] [info] ExtensionService#loadCommonJSModule file:///Users/edsonluizfragnan/.vscode/extensions/hookyqr.beautify-1.5.0/extension
[2019-11-21 01:20:39.356] [exthost] [info] eager extensions activated
[2019-11-21 01:20:48.578] [exthost] [info] ExtensionService#_doActivateExtension vscode.html-language-features {"startup":false,"extensionId":{"value":"vscode.html-language-features","_lower":"vscode.html-language-features"},"activationEvent":"onLanguage:html"}
[2019-11-21 01:20:48.578] [exthost] [info] ExtensionService#loadCommonJSModule file:///private/var/folders/j3/x68b46vd61b_17tmn0w_pbvw0000gn/T/AppTranslocation/78BBCE37-34BB-47DD-AAFC-32AEA137D402/d/Visual Studio Code.app/Contents/Resources/app/extensions/html-language-features/client/dist/htmlMain
[2019-11-21 01:20:48.614] [exthost] [info] ExtensionService#_doActivateExtension dbaeumer.jshint {"startup":false,"extensionId":{"value":"dbaeumer.jshint","_lower":"dbaeumer.jshint"},"activationEvent":"onLanguage:html"}
[2019-11-21 01:20:48.614] [exthost] [info] ExtensionService#loadCommonJSModule file:///Users/edsonluizfragnan/.vscode/extensions/dbaeumer.jshint-0.10.21/jshint/out/extension
[2019-11-21 01:20:48.659] [exthost] [info] ExtensionService#_doActivateExtension ecmel.vscode-html-css {"startup":false,"extensionId":{"value":"ecmel.vscode-html-css","_lower":"ecmel.vscode-html-css"},"activationEvent":"onLanguage:html"}
[2019-11-21 01:20:48.659] [exthost] [info] ExtensionService#loadCommonJSModule file:///Users/edsonluizfragnan/.vscode/extensions/ecmel.vscode-html-css-0.2.3/dist/extension
[2019-11-21 01:23:44.652] [exthost] [info] ExtensionService#_doActivateExtension vscode.extension-editing {"startup":false,"extensionId":{"value":"vscode.extension-editing","_lower":"vscode.extension-editing"},"activationEvent":"onLanguage:typescript"}
[2019-11-21 01:23:44.652] [exthost] [info] ExtensionService#loadCommonJSModule file:///private/var/folders/j3/x68b46vd61b_17tmn0w_pbvw0000gn/T/AppTranslocation/78BBCE37-34BB-47DD-AAFC-32AEA137D402/d/Visual Studio Code.app/Contents/Resources/app/extensions/extension-editing/dist/extension
[2019-11-21 01:23:44.675] [exthost] [info] ExtensionService#_doActivateExtension vscode.typescript-language-features {"startup":false,"extensionId":{"value":"vscode.typescript-language-features","_lower":"vscode.typescript-language-features"},"activationEvent":"onLanguage:typescript"}
[2019-11-21 01:23:44.675] [exthost] [info] ExtensionService#loadCommonJSModule file:///private/var/folders/j3/x68b46vd61b_17tmn0w_pbvw0000gn/T/AppTranslocation/78BBCE37-34BB-47DD-AAFC-32AEA137D402/d/Visual Studio Code.app/Contents/Resources/app/extensions/typescript-language-features/dist/extension
[2019-11-21 01:23:44.720] [exthost] [info] ExtensionService#_doActivateExtension eg2.tslint {"startup":false,"extensionId":{"value":"eg2.tslint","_lower":"eg2.tslint"},"activationEvent":"onLanguage:typescript"}
[2019-11-21 01:23:44.720] [exthost] [info] ExtensionService#loadCommonJSModule file:///Users/edsonluizfragnan/.vscode/extensions/eg2.tslint-1.0.44/out/extension
[2019-11-21 01:23:48.116] [exthost] [info] ExtensionService#_doActivateExtension vscode.configuration-editing {"startup":false,"extensionId":{"value":"vscode.configuration-editing","_lower":"vscode.configuration-editing"},"activationEvent":"onLanguage:jsonc"}
[2019-11-21 01:23:48.116] [exthost] [info] ExtensionService#loadCommonJSModule file:///private/var/folders/j3/x68b46vd61b_17tmn0w_pbvw0000gn/T/AppTranslocation/78BBCE37-34BB-47DD-AAFC-32AEA137D402/d/Visual Studio Code.app/Contents/Resources/app/extensions/configuration-editing/dist/extension
[2019-11-21 01:23:48.122] [exthost] [info] ExtensionService#_doActivateExtension vscode.json-language-features {"startup":false,"extensionId":{"value":"vscode.json-language-features","_lower":"vscode.json-language-features"},"activationEvent":"onLanguage:jsonc"}
[2019-11-21 01:23:48.122] [exthost] [info] ExtensionService#loadCommonJSModule file:///private/var/folders/j3/x68b46vd61b_17tmn0w_pbvw0000gn/T/AppTranslocation/78BBCE37-34BB-47DD-AAFC-32AEA137D402/d/Visual Studio Code.app/Contents/Resources/app/extensions/json-language-features/client/dist/jsonMain
